#
# There is insufficient memory for the Java Runtime Environment to continue.
# Native memory allocation (malloc) failed to allocate 1663536 bytes for Chunk::new
# Possible reasons:
#   The system is out of physical RAM or swap space
#   In 32 bit mode, the process size limit was hit
# Possible solutions:
#   Reduce memory load on the system
#   Increase physical memory or swap space
#   Check if swap backing store is full
#   Use 64 bit Java on a 64 bit OS
#   Decrease Java heap size (-Xmx/-Xms)
#   Decrease number of Java threads
#   Decrease Java thread stack sizes (-Xss)
#   Set larger code cache with -XX:ReservedCodeCacheSize=
# This output file may be truncated or incomplete.
#
#  Out of Memory Error (allocation.cpp:390), pid=24844, tid=0x00000000000043fc
#
# JRE version: OpenJDK Runtime Environment (8.0_152-b02) (build 1.8.0_152-release-1024-b02)
# Java VM: OpenJDK 64-Bit Server VM (25.152-b02 mixed mode windows-amd64 compressed oops)
# Failed to write core dump. Minidumps are not enabled by default on client versions of Windows
#

---------------  T H R E A D  ---------------

Current thread (0x000000001adc5000):  JavaThread "C2 CompilerThread0" daemon [_thread_in_native, id=17404, stack(0x000000001b680000,0x000000001b780000)]

Stack: [0x000000001b680000,0x000000001b780000]
[error occurred during error reporting (printing stack bounds), id 0xc0000005]

Native frames: (J=compiled Java code, j=interpreted, Vv=VM code, C=native code)


Current CompileTask:
C2:1429528 22072   !   4       com.android.ide.common.res2.ResourceSet::createFileAndItemsFromXml (490 bytes)


---------------  P R O C E S S  ---------------

Java Threads: ( => current thread )
  0x000000002296b000 JavaThread "stdout" daemon [_thread_in_native, id=23608, stack(0x0000000000710000,0x0000000000810000)]
  0x000000002296a800 JavaThread "stderr" daemon [_thread_in_native, id=3424, stack(0x0000000000610000,0x0000000000710000)]
  0x000000002296e000 JavaThread "stdout" daemon [_thread_in_native, id=4228, stack(0x0000000000510000,0x0000000000610000)]
  0x000000002296f000 JavaThread "stderr" daemon [_thread_in_native, id=24092, stack(0x0000000000410000,0x0000000000510000)]
  0x0000000022971000 JavaThread "stdout" daemon [_thread_in_native, id=7176, stack(0x0000000000310000,0x0000000000410000)]
  0x0000000022970800 JavaThread "stderr" daemon [_thread_in_native, id=24472, stack(0x0000000000210000,0x0000000000310000)]
  0x000000001f0bf800 JavaThread "stdout" daemon [_thread_in_native, id=15032, stack(0x0000000000110000,0x0000000000210000)]
  0x000000001f0be000 JavaThread "stderr" daemon [_thread_in_native, id=620, stack(0x0000000000010000,0x0000000000110000)]
  0x000000001f0c2000 JavaThread "stdout" daemon [_thread_in_native, id=2932, stack(0x000000007fe40000,0x000000007ff40000)]
  0x000000001f0c1000 JavaThread "stderr" daemon [_thread_in_native, id=16332, stack(0x000000007fd40000,0x000000007fe40000)]
  0x000000001f0b6800 JavaThread "stdout" daemon [_thread_in_native, id=25420, stack(0x000000007fc40000,0x000000007fd40000)]
  0x000000001f0bd000 JavaThread "stderr" daemon [_thread_in_native, id=7588, stack(0x000000007fb40000,0x000000007fc40000)]
  0x000000001f0b5800 JavaThread "stdout" daemon [_thread_in_native, id=17416, stack(0x000000007fa40000,0x000000007fb40000)]
  0x000000001f0b8800 JavaThread "stderr" daemon [_thread_in_native, id=18928, stack(0x000000007f940000,0x000000007fa40000)]
  0x000000001f0bb800 JavaThread "stdout" daemon [_thread_in_native, id=3784, stack(0x000000007f840000,0x000000007f940000)]
  0x000000001f0bb000 JavaThread "stderr" daemon [_thread_in_native, id=15584, stack(0x000000007f740000,0x000000007f840000)]
  0x000000001f0b3800 JavaThread "queued-resource-processor_320" daemon [_thread_blocked, id=16516, stack(0x000000007f640000,0x000000007f740000)]
  0x000000001f0b8000 JavaThread "queued-resource-processor_319" daemon [_thread_blocked, id=20064, stack(0x000000007f540000,0x000000007f640000)]
  0x0000000020a9c800 JavaThread "queued-resource-processor_318" daemon [_thread_blocked, id=25056, stack(0x000000007f440000,0x000000007f540000)]
  0x0000000020aa1800 JavaThread "queued-resource-processor_317" daemon [_thread_blocked, id=2544, stack(0x000000007f340000,0x000000007f440000)]
  0x0000000020aa0000 JavaThread "queued-resource-processor_316" daemon [_thread_blocked, id=21172, stack(0x000000007f240000,0x000000007f340000)]
  0x0000000020aa2000 JavaThread "queued-resource-processor_315" daemon [_thread_blocked, id=12460, stack(0x000000007f140000,0x000000007f240000)]
  0x0000000020a9f000 JavaThread "queued-resource-processor_314" daemon [_thread_blocked, id=15344, stack(0x000000007f040000,0x000000007f140000)]
  0x0000000020a9c000 JavaThread "queued-resource-processor_313" daemon [_thread_blocked, id=22956, stack(0x000000007ef40000,0x000000007f040000)]
  0x000000001c25e000 JavaThread "Task worker for ':' Thread 7" [_thread_blocked, id=24820, stack(0x000000007d540000,0x000000007d640000)]
  0x000000001c263000 JavaThread "Task worker for ':' Thread 6" [_thread_blocked, id=8964, stack(0x000000007d440000,0x000000007d540000)]
  0x000000001c261800 JavaThread "Task worker for ':' Thread 5" [_thread_blocked, id=21604, stack(0x000000007d340000,0x000000007d440000)]
  0x000000001c260000 JavaThread "Task worker for ':' Thread 4" [_thread_blocked, id=9388, stack(0x000000007d240000,0x000000007d340000)]
  0x000000001c257000 JavaThread "Task worker for ':' Thread 3" [_thread_blocked, id=16644, stack(0x000000007d140000,0x000000007d240000)]
  0x000000001c25d000 JavaThread "Task worker for ':' Thread 2" [_thread_blocked, id=25408, stack(0x000000007d040000,0x000000007d140000)]
  0x000000001c255800 JavaThread "Task worker for ':'" [_thread_blocked, id=23472, stack(0x000000007cf40000,0x000000007d040000)]
  0x000000001c255000 JavaThread "Cache worker for Build Output Cleanup Cache (C:\Users\lewistd\Documents\CSSE\483\Photo_Lifetime\PhotoLifetime\.gradle\buildOutputCleanup)" [_thread_blocked, id=24260, stack(0x000000007ce40000,0x000000007cf40000)]
  0x000000001c25b800 JavaThread "Cache worker for task history cache (C:\Users\lewistd\Documents\CSSE\483\Photo_Lifetime\PhotoLifetime\.gradle\4.4\taskHistory)" [_thread_blocked, id=21904, stack(0x000000007cd40000,0x000000007ce40000)]
  0x000000001c254000 JavaThread "Cache worker for file content cache (C:\Users\lewistd\Documents\CSSE\483\Photo_Lifetime\PhotoLifetime\.gradle\4.4\fileContent)" [_thread_blocked, id=17384, stack(0x000000007cc40000,0x000000007cd40000)]
  0x000000001c258000 JavaThread "build operations Thread 8" [_thread_blocked, id=21000, stack(0x000000007cb40000,0x000000007cc40000)]
  0x000000001c25b000 JavaThread "build operations Thread 7" [_thread_blocked, id=12216, stack(0x000000007ca40000,0x000000007cb40000)]
  0x000000001d1a9000 JavaThread "build operations Thread 6" [_thread_blocked, id=6568, stack(0x000000007c940000,0x000000007ca40000)]
  0x000000001d1a1800 JavaThread "build operations Thread 5" [_thread_blocked, id=16220, stack(0x000000007c840000,0x000000007c940000)]
  0x000000001d1a7800 JavaThread "build operations Thread 4" [_thread_blocked, id=16636, stack(0x000000007c740000,0x000000007c840000)]
  0x000000001d1a8800 JavaThread "build operations Thread 3" [_thread_blocked, id=19488, stack(0x000000007c640000,0x000000007c740000)]
  0x000000001d1a0000 JavaThread "build operations Thread 2" [_thread_blocked, id=15564, stack(0x000000007c540000,0x000000007c640000)]
  0x000000001d1a6000 JavaThread "build operations" [_thread_blocked, id=23440, stack(0x000000007c440000,0x000000007c540000)]
  0x000000001d1a5800 JavaThread "Cache worker for Artifact transforms cache (C:\Users\lewistd\.gradle\caches\transforms-1)" [_thread_blocked, id=1856, stack(0x000000007c340000,0x000000007c440000)]
  0x000000001d1a1000 JavaThread "Cache worker for file hash cache (C:\Users\lewistd\Documents\CSSE\483\Photo_Lifetime\PhotoLifetime\.gradle\4.4\fileHashes)" [_thread_blocked, id=21860, stack(0x000000007c240000,0x000000007c340000)]
  0x000000001d1a4800 JavaThread "Stdin handler" [_thread_blocked, id=11684, stack(0x000000007c140000,0x000000007c240000)]
  0x000000001d1a7000 JavaThread "Asynchronous log dispatcher for DefaultDaemonConnection: socket connection from /127.0.0.1:60644 to /127.0.0.1:61481" [_thread_blocked, id=24764, stack(0x000000007c040000,0x000000007c140000)]
  0x000000001d19b800 JavaThread "Daemon worker Thread 9" [_thread_blocked, id=14160, stack(0x000000007bf40000,0x000000007c040000)]
  0x000000001d19b000 JavaThread "Cancel handler" [_thread_blocked, id=25516, stack(0x000000007be40000,0x000000007bf40000)]
  0x000000001d19d000 JavaThread "Handler for socket connection from /127.0.0.1:60644 to /127.0.0.1:61481" [_thread_in_native, id=25572, stack(0x000000007bd40000,0x000000007be40000)]
  0x000000001d19f800 JavaThread "Daemon Thread 9" [_thread_blocked, id=19284, stack(0x000000007bc40000,0x000000007bd40000)]
  0x000000001c25a000 JavaThread "pool-62-thread-1" [_thread_blocked, id=9644, stack(0x0000000071b40000,0x0000000071c40000)]
  0x000000001f0b9800 JavaThread "Memory manager" [_thread_blocked, id=24612, stack(0x0000000025c70000,0x0000000025d70000)]
  0x000000001f0ba000 JavaThread "pool-1-thread-1" [_thread_blocked, id=11020, stack(0x0000000025970000,0x0000000025a70000)]
  0x000000001cf64000 JavaThread "File lock request listener" [_thread_in_native, id=14632, stack(0x000000001eb70000,0x000000001ec70000)]
  0x000000001ca0e000 JavaThread "Cache worker for file hash cache (C:\Users\lewistd\.gradle\caches\4.4\fileHashes)" [_thread_blocked, id=24916, stack(0x000000001ea70000,0x000000001eb70000)]
  0x000000001ce0d000 JavaThread "Daemon periodic checks" [_thread_blocked, id=18936, stack(0x000000001de70000,0x000000001df70000)]
  0x000000001cb61000 JavaThread "Incoming local TCP Connector on port 60644" [_thread_in_native, id=11232, stack(0x000000001d990000,0x000000001da90000)]
  0x000000001ae56000 JavaThread "Service Thread" daemon [_thread_blocked, id=12728, stack(0x000000001ba80000,0x000000001bb80000)]
  0x0000000018eae800 JavaThread "C1 CompilerThread3" daemon [_thread_blocked, id=16356, stack(0x000000001b980000,0x000000001ba80000)]
  0x0000000018eab800 JavaThread "C2 CompilerThread2" daemon [_thread_blocked, id=32, stack(0x000000001b880000,0x000000001b980000)]
  0x0000000018ea9000 JavaThread "C2 CompilerThread1" daemon [_thread_blocked, id=11604, stack(0x000000001b780000,0x000000001b880000)]
=>0x000000001adc5000 JavaThread "C2 CompilerThread0" daemon [_thread_in_native, id=17404, stack(0x000000001b680000,0x000000001b780000)]
  0x000000001adbf000 JavaThread "Attach Listener" daemon [_thread_blocked, id=18208, stack(0x000000001b580000,0x000000001b680000)]
  0x000000001adbe000 JavaThread "Signal Dispatcher" daemon [_thread_blocked, id=1532, stack(0x000000001b480000,0x000000001b580000)]
  0x000000001adb0800 JavaThread "Finalizer" daemon [_thread_blocked, id=18188, stack(0x000000001b190000,0x000000001b290000)]
  0x00000000050d8000 JavaThread "Reference Handler" daemon [_thread_blocked, id=22848, stack(0x000000001ac90000,0x000000001ad90000)]
  0x0000000004ede800 JavaThread "main" [_thread_blocked, id=20868, stack(0x0000000004ee0000,0x0000000004fe0000)]

Other Threads:
  0x0000000018e95800 VMThread [stack: 0x000000001ab90000,0x000000001ac90000] [id=10276]
  0x000000001ae57000 WatcherThread [stack: 0x000000001bb80000,0x000000001bc80000] [id=23280]

VM state:not at safepoint (normal execution)

VM Mutex/Monitor currently owned by a thread: None

Heap:
 PSYoungGen      total 352768K, used 255014K [0x00000000e0000000, 0x00000000fa580000, 0x0000000100000000)
  eden space 322560K, 70% used [0x00000000e0000000,0x00000000edf37670,0x00000000f3b00000)
  from space 30208K, 87% used [0x00000000f3b00000,0x00000000f54d2488,0x00000000f5880000)
  to   space 33280K, 0% used [0x00000000f8500000,0x00000000f8500000,0x00000000fa580000)
 ParOldGen       total 204288K, used 56979K [0x00000000a0000000, 0x00000000ac780000, 0x00000000e0000000)
  object space 204288K, 27% used [0x00000000a0000000,0x00000000a37a4d40,0x00000000ac780000)
 Metaspace       used 99393K, capacity 106068K, committed 106188K, reserved 1140736K
  class space    used 12747K, capacity 14214K, committed 14324K, reserved 1048576K

Card table byte_map: [0x00000000144a0000,0x00000000147b0000] byte_map_base: 0x0000000013fa0000

Marking Bits: (ParMarkBitMap*) 0x0000000058314970
 Begin Bits: [0x00000000151b0000, 0x00000000169b0000)
 End Bits:   [0x00000000169b0000, 0x00000000181b0000)

Polling page: 0x0000000004e00000

CodeCache: size=245760Kb used=62811Kb max_used=62822Kb free=182948Kb
 bounds [0x00000000050e0000, 0x0000000008ea0000, 0x00000000140e0000]
 total_blobs=18113 nmethods=17264 adapters=759
 compilation: enabled

Compilation events (10 events):
Event: 1428.679 Thread 0x0000000018eae800 nmethod 22083 0x0000000008e8a810 code [0x0000000008e8ac40, 0x0000000008e8ce18]
Event: 1428.749 Thread 0x0000000018ea9000 22084       4       org.gradle.internal.io.StreamByteBuffer::totalBytesUnread (52 bytes)
Event: 1428.750 Thread 0x0000000018ea9000 nmethod 22084 0x0000000008e8a4d0 code [0x0000000008e8a600, 0x0000000008e8a6b8]
Event: 1428.750 Thread 0x0000000018eab800 22085       4       org.gradle.api.internal.changedetection.state.SnapshotMapSerializer::write (76 bytes)
Event: 1428.774 Thread 0x0000000018eab800 nmethod 22085 0x0000000008e962d0 code [0x0000000008e96500, 0x0000000008e97370]
Event: 1428.775 Thread 0x0000000018eae800 22086       1       com.android.repository.Revision::getSeparator (5 bytes)
Event: 1428.776 Thread 0x0000000018eae800 nmethod 22086 0x0000000006a48b50 code [0x0000000006a48ca0, 0x0000000006a48db0]
Event: 1428.776 Thread 0x0000000018eae800 22087       1       com.android.build.gradle.internal.incremental.InstantRunBuildContext::getPatchingPolicy (5 bytes)
Event: 1428.776 Thread 0x0000000018eae800 nmethod 22087 0x0000000006a48890 code [0x0000000006a489e0, 0x0000000006a48af0]
Event: 1429.066 Thread 0x0000000018eae800 22088       3       com.google.common.base.MoreObjects$ToStringHelper$ValueHolder::<init> (5 bytes)

GC Heap History (10 events):
Event: 790.173 GC heap before
{Heap before GC invocations=33 (full 3):
 PSYoungGen      total 295424K, used 40779K [0x00000000e0000000, 0x00000000f3f80000, 0x0000000100000000)
  eden space 278016K, 8% used [0x00000000e0000000,0x00000000e16d67d8,0x00000000f0f80000)
  from space 17408K, 99% used [0x00000000f2300000,0x00000000f33fc4c8,0x00000000f3400000)
  to   space 11776K, 0% used [0x00000000f3400000,0x00000000f3400000,0x00000000f3f80000)
 ParOldGen       total 147968K, used 63296K [0x00000000a0000000, 0x00000000a9080000, 0x00000000e0000000)
  object space 147968K, 42% used [0x00000000a0000000,0x00000000a3dd02f8,0x00000000a9080000)
 Metaspace       used 92197K, capacity 98272K, committed 98380K, reserved 1134592K
  class space    used 11832K, capacity 13083K, committed 13172K, reserved 1048576K
Event: 790.187 GC heap after
Heap after GC invocations=33 (full 3):
 PSYoungGen      total 305664K, used 11762K [0x00000000e0000000, 0x00000000f5780000, 0x0000000100000000)
  eden space 293888K, 0% used [0x00000000e0000000,0x00000000e0000000,0x00000000f1f00000)
  from space 11776K, 99% used [0x00000000f3400000,0x00000000f3f7cb48,0x00000000f3f80000)
  to   space 21504K, 0% used [0x00000000f1f00000,0x00000000f1f00000,0x00000000f3400000)
 ParOldGen       total 147968K, used 65303K [0x00000000a0000000, 0x00000000a9080000, 0x00000000e0000000)
  object space 147968K, 44% used [0x00000000a0000000,0x00000000a3fc5d60,0x00000000a9080000)
 Metaspace       used 92197K, capacity 98272K, committed 98380K, reserved 1134592K
  class space    used 11832K, capacity 13083K, committed 13172K, reserved 1048576K
}
Event: 790.187 GC heap before
{Heap before GC invocations=34 (full 4):
 PSYoungGen      total 305664K, used 11762K [0x00000000e0000000, 0x00000000f5780000, 0x0000000100000000)
  eden space 293888K, 0% used [0x00000000e0000000,0x00000000e0000000,0x00000000f1f00000)
  from space 11776K, 99% used [0x00000000f3400000,0x00000000f3f7cb48,0x00000000f3f80000)
  to   space 21504K, 0% used [0x00000000f1f00000,0x00000000f1f00000,0x00000000f3400000)
 ParOldGen       total 147968K, used 65303K [0x00000000a0000000, 0x00000000a9080000, 0x00000000e0000000)
  object space 147968K, 44% used [0x00000000a0000000,0x00000000a3fc5d60,0x00000000a9080000)
 Metaspace       used 92197K, capacity 98272K, committed 98380K, reserved 1134592K
  class space    used 11832K, capacity 13083K, committed 13172K, reserved 1048576K
Event: 790.622 GC heap after
Heap after GC invocations=34 (full 4):
 PSYoungGen      total 305664K, used 0K [0x00000000e0000000, 0x00000000f5780000, 0x0000000100000000)
  eden space 293888K, 0% used [0x00000000e0000000,0x00000000e0000000,0x00000000f1f00000)
  from space 11776K, 0% used [0x00000000f3400000,0x00000000f3400000,0x00000000f3f80000)
  to   space 21504K, 0% used [0x00000000f1f00000,0x00000000f1f00000,0x00000000f3400000)
 ParOldGen       total 204288K, used 52428K [0x00000000a0000000, 0x00000000ac780000, 0x00000000e0000000)
  object space 204288K, 25% used [0x00000000a0000000,0x00000000a3333398,0x00000000ac780000)
 Metaspace       used 91963K, capacity 97586K, committed 98380K, reserved 1134592K
  class space    used 11753K, capacity 12948K, committed 13172K, reserved 1048576K
}
Event: 800.464 GC heap before
{Heap before GC invocations=35 (full 4):
 PSYoungGen      total 305664K, used 293888K [0x00000000e0000000, 0x00000000f5780000, 0x0000000100000000)
  eden space 293888K, 100% used [0x00000000e0000000,0x00000000f1f00000,0x00000000f1f00000)
  from space 11776K, 0% used [0x00000000f3400000,0x00000000f3400000,0x00000000f3f80000)
  to   space 21504K, 0% used [0x00000000f1f00000,0x00000000f1f00000,0x00000000f3400000)
 ParOldGen       total 204288K, used 52428K [0x00000000a0000000, 0x00000000ac780000, 0x00000000e0000000)
  object space 204288K, 25% used [0x00000000a0000000,0x00000000a3333398,0x00000000ac780000)
 Metaspace       used 98978K, capacity 105472K, committed 105548K, reserved 1140736K
  class space    used 12722K, capacity 14132K, committed 14196K, reserved 1048576K
Event: 800.501 GC heap after
Heap after GC invocations=35 (full 4):
 PSYoungGen      total 315392K, used 21498K [0x00000000e0000000, 0x00000000f7380000, 0x0000000100000000)
  eden space 293888K, 0% used [0x00000000e0000000,0x00000000e0000000,0x00000000f1f00000)
  from space 21504K, 99% used [0x00000000f1f00000,0x00000000f33fe8d0,0x00000000f3400000)
  to   space 26112K, 0% used [0x00000000f5a00000,0x00000000f5a00000,0x00000000f7380000)
 ParOldGen       total 204288K, used 55861K [0x00000000a0000000, 0x00000000ac780000, 0x00000000e0000000)
  object space 204288K, 27% used [0x00000000a0000000,0x00000000a368d4a0,0x00000000ac780000)
 Metaspace       used 98978K, capacity 105472K, committed 105548K, reserved 1140736K
  class space    used 12722K, capacity 14132K, committed 14196K, reserved 1048576K
}
Event: 1040.190 GC heap before
{Heap before GC invocations=36 (full 4):
 PSYoungGen      total 315392K, used 315386K [0x00000000e0000000, 0x00000000f7380000, 0x0000000100000000)
  eden space 293888K, 100% used [0x00000000e0000000,0x00000000f1f00000,0x00000000f1f00000)
  from space 21504K, 99% used [0x00000000f1f00000,0x00000000f33fe8d0,0x00000000f3400000)
  to   space 26112K, 0% used [0x00000000f5a00000,0x00000000f5a00000,0x00000000f7380000)
 ParOldGen       total 204288K, used 55861K [0x00000000a0000000, 0x00000000ac780000, 0x00000000e0000000)
  object space 204288K, 27% used [0x00000000a0000000,0x00000000a368d4a0,0x00000000ac780000)
 Metaspace       used 99225K, capacity 105808K, committed 106060K, reserved 1140736K
  class space    used 12735K, capacity 14174K, committed 14196K, reserved 1048576K
Event: 1040.213 GC heap after
Heap after GC invocations=36 (full 4):
 PSYoungGen      total 348672K, used 26093K [0x00000000e0000000, 0x00000000f7600000, 0x0000000100000000)
  eden space 322560K, 0% used [0x00000000e0000000,0x00000000e0000000,0x00000000f3b00000)
  from space 26112K, 99% used [0x00000000f5a00000,0x00000000f737b518,0x00000000f7380000)
  to   space 30208K, 0% used [0x00000000f3b00000,0x00000000f3b00000,0x00000000f5880000)
 ParOldGen       total 204288K, used 56979K [0x00000000a0000000, 0x00000000ac780000, 0x00000000e0000000)
  object space 204288K, 27% used [0x00000000a0000000,0x00000000a37a4d40,0x00000000ac780000)
 Metaspace       used 99225K, capacity 105808K, committed 106060K, reserved 1140736K
  class space    used 12735K, capacity 14174K, committed 14196K, reserved 1048576K
}
Event: 1040.684 GC heap before
{Heap before GC invocations=37 (full 4):
 PSYoungGen      total 348672K, used 348240K [0x00000000e0000000, 0x00000000f7600000, 0x0000000100000000)
  eden space 322560K, 99% used [0x00000000e0000000,0x00000000f3a98cb0,0x00000000f3b00000)
  from space 26112K, 99% used [0x00000000f5a00000,0x00000000f737b518,0x00000000f7380000)
  to   space 30208K, 0% used [0x00000000f3b00000,0x00000000f3b00000,0x00000000f5880000)
 ParOldGen       total 204288K, used 56979K [0x00000000a0000000, 0x00000000ac780000, 0x00000000e0000000)
  object space 204288K, 27% used [0x00000000a0000000,0x00000000a37a4d40,0x00000000ac780000)
 Metaspace       used 99232K, capacity 105808K, committed 106060K, reserved 1140736K
  class space    used 12735K, capacity 14174K, committed 14196K, reserved 1048576K
Event: 1040.706 GC heap after
Heap after GC invocations=37 (full 4):
 PSYoungGen      total 352768K, used 26441K [0x00000000e0000000, 0x00000000fa580000, 0x0000000100000000)
  eden space 322560K, 0% used [0x00000000e0000000,0x00000000e0000000,0x00000000f3b00000)
  from space 30208K, 87% used [0x00000000f3b00000,0x00000000f54d2488,0x00000000f5880000)
  to   space 33280K, 0% used [0x00000000f8500000,0x00000000f8500000,0x00000000fa580000)
 ParOldGen       total 204288K, used 56979K [0x00000000a0000000, 0x00000000ac780000, 0x00000000e0000000)
  object space 204288K, 27% used [0x00000000a0000000,0x00000000a37a4d40,0x00000000ac780000)
 Metaspace       used 99232K, capacity 105808K, committed 106060K, reserved 1140736K
  class space    used 12735K, capacity 14174K, committed 14196K, reserved 1048576K
}

Deoptimization events (10 events):
Event: 792.314 Thread 0x000000002296e000 Uncommon trap: reason=unstable_if action=reinterpret pc=0x0000000007273cb4 method=org.apache.ivy.core.IvyPatternHelper.substituteTokens(Ljava/lang/String;Ljava/util/Map;)Ljava/lang/String; @ 438
Event: 800.393 Thread 0x000000002296e000 Uncommon trap: reason=unstable_if action=reinterpret pc=0x000000000765d02c method=com.google.common.collect.ImmutableSet.construct(I[Ljava/lang/Object;)Lcom/google/common/collect/ImmutableSet; @ 146
Event: 800.621 Thread 0x000000002296e000 Uncommon trap: reason=bimorphic action=maybe_recompile pc=0x0000000007ef28ec method=com.google.common.collect.AbstractMapBasedMultimap.put(Ljava/lang/Object;Ljava/lang/Object;)Z @ 5
Event: 800.621 Thread 0x000000002296e000 Uncommon trap: reason=bimorphic action=maybe_recompile pc=0x0000000007ef28ec method=com.google.common.collect.AbstractMapBasedMultimap.put(Ljava/lang/Object;Ljava/lang/Object;)Z @ 5
Event: 800.621 Thread 0x000000002296e000 Uncommon trap: reason=bimorphic action=maybe_recompile pc=0x0000000007ef28ec method=com.google.common.collect.AbstractMapBasedMultimap.put(Ljava/lang/Object;Ljava/lang/Object;)Z @ 5
Event: 800.621 Thread 0x000000002296e000 Uncommon trap: reason=bimorphic action=maybe_recompile pc=0x0000000007ef28ec method=com.google.common.collect.AbstractMapBasedMultimap.put(Ljava/lang/Object;Ljava/lang/Object;)Z @ 5
Event: 801.466 Thread 0x000000002296e000 Uncommon trap: reason=unstable_if action=reinterpret pc=0x000000000657cec8 method=com.google.protobuf.CodedOutputStream.computeUInt32SizeNoTag(I)I @ 14
Event: 1034.189 Thread 0x000000001d1a1800 Uncommon trap: reason=unstable_if action=reinterpret pc=0x0000000005c9c8f8 method=org.gradle.internal.logging.sink.OutputEventRenderer.onOutput(Lorg/gradle/internal/logging/events/OutputEvent;)V @ 24
Event: 1040.877 Thread 0x000000001d1a8800 Uncommon trap: reason=unstable_if action=reinterpret pc=0x0000000008c44808 method=org.gradle.internal.operations.DefaultBuildOperationQueue$WorkerRunnable.waitForNextOperation()Lorg/gradle/internal/operations/BuildOperation; @ 35
Event: 1042.059 Thread 0x0000000020a9c000 Uncommon trap: reason=speculate_class_check action=maybe_recompile pc=0x0000000006ea89ac method=com.android.tools.r8.graph.CachedHashValueDexItem.equals(Ljava/lang/Object;)Z @ 7

Classes redefined (0 events):
No events

Internal exceptions (10 events):
Event: 1042.079 Thread 0x0000000020a9f000 Exception <a 'sun/nio/fs/WindowsException'> (0x00000000e4013e28) thrown at [D:\src\AOSP-openjdk-cygwin\jdk8u\hotspot\src\share\vm\prims\jni.cpp, line 709]
Event: 1130.126 Thread 0x000000001f0ba000 Exception <a 'sun/nio/fs/WindowsException'> (0x00000000e4eaa6a8) thrown at [D:\src\AOSP-openjdk-cygwin\jdk8u\hotspot\src\share\vm\prims\jni.cpp, line 709]
Event: 1222.754 Thread 0x000000001f0ba000 Exception <a 'sun/nio/fs/WindowsException'> (0x00000000e4eaba58) thrown at [D:\src\AOSP-openjdk-cygwin\jdk8u\hotspot\src\share\vm\prims\jni.cpp, line 709]
Event: 1279.804 Thread 0x000000001f0ba000 Exception <a 'sun/nio/fs/WindowsException'> (0x00000000e5163800) thrown at [D:\src\AOSP-openjdk-cygwin\jdk8u\hotspot\src\share\vm\prims\jni.cpp, line 709]
Event: 1388.508 Thread 0x000000001c25a000 Exception <a 'sun/nio/fs/WindowsException'> (0x00000000e52e4bf0) thrown at [D:\src\AOSP-openjdk-cygwin\jdk8u\hotspot\src\share\vm\prims\jni.cpp, line 709]
Event: 1400.285 Thread 0x000000001f0ba000 Exception <a 'sun/nio/fs/WindowsException'> (0x00000000e5164c78) thrown at [D:\src\AOSP-openjdk-cygwin\jdk8u\hotspot\src\share\vm\prims\jni.cpp, line 709]
Event: 1427.632 Thread 0x000000001d19b800 Exception <a 'java/lang/ClassNotFoundException': sync_local_repo1199_c81vyl6r8va3uio8h54qx2qutBeanInfo> (0x00000000e56bfb00) thrown at [D:\src\AOSP-openjdk-cygwin\jdk8u\hotspot\src\share\vm\classfile\systemDictionary.cpp, line 210]
Event: 1427.633 Thread 0x000000001d19b800 Exception <a 'java/lang/ClassNotFoundException': sync_local_repo1199_c81vyl6r8va3uio8h54qx2qutCustomizer> (0x00000000e56cb130) thrown at [D:\src\AOSP-openjdk-cygwin\jdk8u\hotspot\src\share\vm\classfile\systemDictionary.cpp, line 210]
Event: 1428.047 Thread 0x000000001d19b800 Exception <a 'sun/nio/fs/WindowsException'> (0x00000000e9bd8fd0) thrown at [D:\src\AOSP-openjdk-cygwin\jdk8u\hotspot\src\share\vm\prims\jni.cpp, line 709]
Event: 1428.050 Thread 0x000000001d19b800 Exception <a 'sun/nio/fs/WindowsException'> (0x00000000e9be50c8) thrown at [D:\src\AOSP-openjdk-cygwin\jdk8u\hotspot\src\share\vm\prims\jni.cpp, line 709]

Events (10 events):
Event: 1428.926 Thread 0x000000001f0c1000 Thread added: 0x000000001f0c1000
Event: 1428.926 Thread 0x000000001f0c2000 Thread added: 0x000000001f0c2000
Event: 1428.929 Thread 0x000000001f0be000 Thread added: 0x000000001f0be000
Event: 1428.929 Thread 0x000000001f0bf800 Thread added: 0x000000001f0bf800
Event: 1428.933 Thread 0x0000000022970800 Thread added: 0x0000000022970800
Event: 1428.933 Thread 0x0000000022971000 Thread added: 0x0000000022971000
Event: 1428.937 Thread 0x000000002296f000 Thread added: 0x000000002296f000
Event: 1428.937 Thread 0x000000002296e000 Thread added: 0x000000002296e000
Event: 1428.941 Thread 0x000000002296a800 Thread added: 0x000000002296a800
Event: 1428.941 Thread 0x000000002296b000 Thread added: 0x000000002296b000


Dynamic libraries:
0x00007ff776710000 - 0x00007ff776741000 	C:\Program Files\Android\Android Studio\jre\bin\java.exe
0x00007ffb13c20000 - 0x00007ffb13e00000 	C:\WINDOWS\SYSTEM32\ntdll.dll
0x00007ffaee680000 - 0x00007ffaee6b4000 	C:\Program Files (x86)\AVG\Antivirus\x64\aswhooka.dll
0x00007ffb139a0000 - 0x00007ffb13a4e000 	C:\WINDOWS\System32\KERNEL32.DLL
0x00007ffb10340000 - 0x00007ffb105a6000 	C:\WINDOWS\System32\KERNELBASE.dll
0x00007ffb11cd0000 - 0x00007ffb11d71000 	C:\WINDOWS\System32\ADVAPI32.dll
0x00007ffb11850000 - 0x00007ffb118ed000 	C:\WINDOWS\System32\msvcrt.dll
0x00007ffb11f80000 - 0x00007ffb11fdb000 	C:\WINDOWS\System32\sechost.dll
0x00007ffb11fe0000 - 0x00007ffb120ff000 	C:\WINDOWS\System32\RPCRT4.dll
0x00007ffb13a50000 - 0x00007ffb13bdf000 	C:\WINDOWS\System32\USER32.dll
0x00007ffb10180000 - 0x00007ffb101a0000 	C:\WINDOWS\System32\win32u.dll
0x00007ffb11820000 - 0x00007ffb11848000 	C:\WINDOWS\System32\GDI32.dll
0x00007ffb10ed0000 - 0x00007ffb11063000 	C:\WINDOWS\System32\gdi32full.dll
0x00007ffb102a0000 - 0x00007ffb1033b000 	C:\WINDOWS\System32\msvcp_win.dll
0x00007ffb101a0000 - 0x00007ffb10296000 	C:\WINDOWS\System32\ucrtbase.dll
0x00007ffb05050000 - 0x00007ffb052b9000 	C:\WINDOWS\WinSxS\amd64_microsoft.windows.common-controls_6595b64144ccf1df_6.0.16299.371_none_15c7d1789365a290\COMCTL32.dll
0x00007ffb118f0000 - 0x00007ffb11bf8000 	C:\WINDOWS\System32\combase.dll
0x00007ffb11070000 - 0x00007ffb110e2000 	C:\WINDOWS\System32\bcryptPrimitives.dll
0x00007ffb12530000 - 0x00007ffb1255d000 	C:\WINDOWS\System32\IMM32.DLL
0x0000000058c60000 - 0x0000000058d32000 	C:\Program Files\Android\Android Studio\jre\jre\bin\msvcr100.dll
0x0000000057b50000 - 0x000000005838f000 	C:\Program Files\Android\Android Studio\jre\jre\bin\server\jvm.dll
0x00007ffb13be0000 - 0x00007ffb13be8000 	C:\WINDOWS\System32\PSAPI.DLL
0x00007ffb0ba70000 - 0x00007ffb0ba79000 	C:\WINDOWS\SYSTEM32\WSOCK32.dll
0x00007ffb11f10000 - 0x00007ffb11f7c000 	C:\WINDOWS\System32\WS2_32.dll
0x00007ffb0b320000 - 0x00007ffb0b343000 	C:\WINDOWS\SYSTEM32\WINMM.dll
0x00007ffb0a3e0000 - 0x00007ffb0a3ea000 	C:\WINDOWS\SYSTEM32\VERSION.dll
0x00007ffb0b2c0000 - 0x00007ffb0b2ea000 	C:\WINDOWS\SYSTEM32\WINMMBASE.dll
0x00007ffb10130000 - 0x00007ffb1017a000 	C:\WINDOWS\System32\cfgmgr32.dll
0x00007ffb0b350000 - 0x00007ffb0b35f000 	C:\Program Files\Android\Android Studio\jre\jre\bin\verify.dll
0x00007ffb03fa0000 - 0x00007ffb03fc9000 	C:\Program Files\Android\Android Studio\jre\jre\bin\java.dll
0x00007ffb0b270000 - 0x00007ffb0b286000 	C:\Program Files\Android\Android Studio\jre\jre\bin\zip.dll
0x00007ffb12560000 - 0x00007ffb13996000 	C:\WINDOWS\System32\SHELL32.dll
0x00007ffb12100000 - 0x00007ffb121a6000 	C:\WINDOWS\System32\shcore.dll
0x00007ffb10780000 - 0x00007ffb10ec7000 	C:\WINDOWS\System32\windows.storage.dll
0x00007ffb11240000 - 0x00007ffb11291000 	C:\WINDOWS\System32\shlwapi.dll
0x00007ffb10000000 - 0x00007ffb10011000 	C:\WINDOWS\System32\kernel.appcore.dll
0x00007ffb0ffb0000 - 0x00007ffb0fffc000 	C:\WINDOWS\System32\powrprof.dll
0x00007ffb0ff70000 - 0x00007ffb0ff8b000 	C:\WINDOWS\System32\profapi.dll
0x00007ffb0af50000 - 0x00007ffb0af6a000 	C:\Program Files\Android\Android Studio\jre\jre\bin\net.dll
0x00007ffb0f800000 - 0x00007ffb0f866000 	C:\WINDOWS\system32\mswsock.dll
0x00007ffb0ae10000 - 0x00007ffb0ae21000 	C:\Program Files\Android\Android Studio\jre\jre\bin\nio.dll
0x00007ffb03de0000 - 0x00007ffb03dfe000 	C:\Users\lewistd\.gradle\native\25\windows-amd64\native-platform.dll
0x00007ffb0afb0000 - 0x00007ffb0afbd000 	C:\Program Files\Android\Android Studio\jre\jre\bin\management.dll
0x00007ffb0f9c0000 - 0x00007ffb0f9d7000 	C:\WINDOWS\SYSTEM32\CRYPTSP.dll
0x00007ffb0f400000 - 0x00007ffb0f433000 	C:\WINDOWS\system32\rsaenh.dll
0x00007ffb0fad0000 - 0x00007ffb0faf5000 	C:\WINDOWS\SYSTEM32\bcrypt.dll
0x00007ffb0fea0000 - 0x00007ffb0fec9000 	C:\WINDOWS\SYSTEM32\USERENV.dll
0x00007ffb0f9e0000 - 0x00007ffb0f9eb000 	C:\WINDOWS\SYSTEM32\CRYPTBASE.dll
0x00007ffb0f590000 - 0x00007ffb0f5c9000 	C:\WINDOWS\SYSTEM32\IPHLPAPI.DLL
0x00007ffb11c00000 - 0x00007ffb11c08000 	C:\WINDOWS\System32\NSI.dll
0x00007ffb0bcf0000 - 0x00007ffb0bd06000 	C:\WINDOWS\SYSTEM32\dhcpcsvc6.DLL
0x00007ffb0bb50000 - 0x00007ffb0bb6a000 	C:\WINDOWS\SYSTEM32\dhcpcsvc.DLL

VM Arguments:
jvm_args: -Xmx1536m -Dfile.encoding=windows-1252 -Duser.country=US -Duser.language=en -Duser.variant 
java_command: org.gradle.launcher.daemon.bootstrap.GradleDaemon 4.4
java_class_path (initial): C:\Users\lewistd\.gradle\wrapper\dists\gradle-4.4-all\9br9xq1tocpiv8o6njlyu5op1\gradle-4.4\lib\gradle-launcher-4.4.jar
Launcher Type: SUN_STANDARD

Environment Variables:
PATH=C:\Python36\Scripts\;C:\Python36\;C:\Program Files\VanDyke Software\Clients\;C:\ProgramData\Oracle\Java\javapath;C:\WINDOWS\system32;C:\WINDOWS;C:\WINDOWS\System32\Wbem;C:\WINDOWS\System32\WindowsPowerShell\v1.0\;C:\Program Files\Microsoft SQL Server\Client SDK\ODBC\110\Tools\Binn\;C:\Program Files (x86)\Microsoft SQL Server\120\Tools\Binn\;C:\Program Files\Microsoft SQL Server\120\Tools\Binn\;C:\Program Files\Microsoft SQL Server\120\DTS\Binn\;C:\Program Files (x86)\Windows Kits\8.1\Windows Performance Toolkit\;C:\Program Files\MATLAB\R2017a\runtime\win64;C:\Program Files\MATLAB\R2017a\bin;C:\Program Files\TortoiseSVN\bin;c:\MinGW\bin;c:\altera\90sp2\quartus\bin;C:\Program Files\Git\cmd;C:\OrCAD\OrCAD_16.6_Lite\tools\pcb\bin;C:\OrCAD\OrCAD_16.6_Lite\tools\fet\bin;C:\OrCAD\OrCAD_16.6_Lite\OpenAccess\bin\win32\opt;C:\OrCAD\OrCAD_16.6_Lite\tools\bin;C:\OrCAD\OrCAD_16.6_Lite\tools\Capture;C:\OrCAD\OrCAD_16.6_Lite\tools\PSpice;C:\Users\lewistd\AppData\Local\Microsoft\WindowsApps
USERNAME=lewistd
OS=Windows_NT
PROCESSOR_IDENTIFIER=Intel64 Family 6 Model 60 Stepping 3, GenuineIntel



---------------  S Y S T E M  ---------------

OS: Windows 10.0 , 64 bit Build 16299 (10.0.16299.15)

CPU:total 8 (initial active 8) (4 cores per cpu, 2 threads per core) family 6 model 60 stepping 3, cmov, cx8, fxsr, mmx, sse, sse2, sse3, ssse3, sse4.1, sse4.2, popcnt, avx, avx2, aes, clmul, erms, lzcnt, ht, tsc, tscinvbit, bmi1, bmi2

Memory: 4k page, physical 8265188k(689460k free), swap 19595112k(3188k free)

vm_info: OpenJDK 64-Bit Server VM (25.152-b02) for windows-amd64 JRE (1.8.0_152-release-1024-b02), built by "builder" with MS VC++ 10.0 (VS2010)

time: Sun Apr 22 15:38:11 2018
elapsed time: 1429 seconds (0d 0h 23m 49s)

